\BOOKMARK [1][-]{section.1}{Collect Data}{}% 1
\BOOKMARK [2][-]{subsection.1.1}{Load Packages and define utility functions}{section.1}% 2
\BOOKMARK [2][-]{subsection.1.2}{Generate urls and read in all data}{section.1}% 3
\BOOKMARK [2][-]{subsection.1.3}{Clean and engineer data}{section.1}% 4
\BOOKMARK [2][-]{subsection.1.4}{Merge dataframes and write to .csv}{section.1}% 5
\BOOKMARK [1][-]{section.2}{Explore Data}{}% 6
\BOOKMARK [2][-]{subsection.2.1}{Import packages and load data}{section.2}% 7
\BOOKMARK [1][-]{section.3}{Predict Review Scores}{}% 8
\BOOKMARK [2][-]{subsection.3.1}{Import packages and load in data}{section.3}% 9
\BOOKMARK [2][-]{subsection.3.2}{Prepare data}{section.3}% 10
\BOOKMARK [2][-]{subsection.3.3}{Train models}{section.3}% 11
\BOOKMARK [2][-]{subsection.3.4}{View results}{section.3}% 12
\BOOKMARK [2][-]{subsection.3.5}{Discussion}{section.3}% 13
\BOOKMARK [3][-]{subsubsection.3.5.1}{Why are results so bad?}{subsection.3.5}% 14
\BOOKMARK [1][-]{section.4}{Predict Host Professional Status}{}% 15
\BOOKMARK [2][-]{subsection.4.1}{Import packages and load data}{section.4}% 16
\BOOKMARK [2][-]{subsection.4.2}{Prepare data}{section.4}% 17
\BOOKMARK [2][-]{subsection.4.3}{Train models}{section.4}% 18
\BOOKMARK [2][-]{subsection.4.4}{View results}{section.4}% 19
\BOOKMARK [2][-]{subsection.4.5}{Discussion}{section.4}% 20
\BOOKMARK [3][-]{subsubsection.4.5.1}{Why are Logistic Reg results odd?}{subsection.4.5}% 21
\BOOKMARK [1][-]{section.5}{Neighborhood prediction}{}% 22
\BOOKMARK [2][-]{subsection.5.1}{Import packages and read in data}{section.5}% 23
\BOOKMARK [2][-]{subsection.5.2}{Prepare data}{section.5}% 24
\BOOKMARK [2][-]{subsection.5.3}{Train models}{section.5}% 25
\BOOKMARK [2][-]{subsection.5.4}{View results}{section.5}% 26
\BOOKMARK [1][-]{section.6}{Generate Price Change Data}{}% 27
\BOOKMARK [2][-]{subsection.6.1}{Import packages and load in data}{section.6}% 28
\BOOKMARK [2][-]{subsection.6.2}{Define functions to be used to extract average daily revenues}{section.6}% 29
\BOOKMARK [2][-]{subsection.6.3}{Implement functions to find average daily revenue changes per price change per listing}{section.6}% 30
\BOOKMARK [2][-]{subsection.6.4}{Engineer and export resulting dataset}{section.6}% 31
\BOOKMARK [1][-]{section.7}{Predict Price Change Effects}{}% 32
\BOOKMARK [2][-]{subsection.7.1}{Import packages and load in data}{section.7}% 33
\BOOKMARK [2][-]{subsection.7.2}{Prepare data}{section.7}% 34
\BOOKMARK [2][-]{subsection.7.3}{Train models}{section.7}% 35
\BOOKMARK [2][-]{subsection.7.4}{View results}{section.7}% 36
\BOOKMARK [2][-]{subsection.7.5}{Discussion}{section.7}% 37
